Arguments: 
  C:\Program Files\nodejs\node.exe C:\Users\uocmo\AppData\Roaming\npm\node_modules\yarn\bin\yarn.js add --dev jest

PATH: 
  C:\Windows\system32;C:\Windows;C:\Windows\System32\Wbem;C:\Windows\System32\WindowsPowerShell\v1.0\;C:\Windows\System32\OpenSSH\;C:\Program Files\Git\cmd;C:\ProgramData\chocolatey\bin;";";C:\Program Files\dotnet\;C:\Program Files\Cloudflare\Cloudflare WARP\;C:\Users\uocmo\AppData\Roaming\nvm;C:\Program Files\nodejs;C:\Program Files\nodejs\;C:\Users\uocmo\AppData\Local\Microsoft\WindowsApps;C:\Users\uocmo\AppData\Local\Programs\Microsoft VS Code\bin;";";C:\Users\uocmo\AppData\Roaming\nvm;C:\Program Files\nodejs;C:\Users\uocmo\AppData\Roaming\npm

Yarn version: 
  1.22.17

Node version: 
  16.16.0

Platform: 
  win32 x64

Trace: 
  Error: getaddrinfo ENOTFOUND registry.yarnpkg.com
      at GetAddrInfoReqWrap.onlookup [as oncomplete] (node:dns:71:26)

npm manifest: 
  {
    "name": "javascriptLearning",
    "version": "1.0.0",
    "main": "index.js",
    "repository": "https://github.com/quangminhnguyen97/javascriptLearning.git",
    "author": "Minh NQ <uocmoxavoi1102@gmail.com>",
    "license": "MIT"
  }

yarn manifest: 
  No manifest

Lockfile: 
  No lockfile
